# JRE version: OpenJDK Runtime Environment (8.0_152-b01) (build 1.8.0_152-release-915-b01)
# Java VM: OpenJDK 64-Bit Server VM (25.152-b01 mixed mode linux-amd64 compressed oops)
Heap:
 PSYoungGen      total 485888K, used 0K [0x00000000e0000000, 0x0000000100000000, 0x0000000100000000)
  eden space 449536K, 0% used [0x00000000e0000000,0x00000000e0000000,0x00000000fb700000)
  from space 36352K, 0% used [0x00000000fdc80000,0x00000000fdc80000,0x0000000100000000)
  to   space 37376K, 0% used [0x00000000fb700000,0x00000000fb700000,0x00000000fdb80000)
 ParOldGen       total 112128K, used 89434K [0x00000000a0000000, 0x00000000a6d80000, 0x00000000e0000000)
  object space 112128K, 79% used [0x00000000a0000000,0x00000000a5756ab0,0x00000000a6d80000)
 Metaspace       used 83459K, capacity 87688K, committed 87896K, reserved 1126400K
  class space    used 10586K, capacity 11564K, committed 11648K, reserved 1048576K
GC Heap History (10 events):
Event: 801.212 GC heap after
Heap after GC invocations=15 (full 3):
 PSYoungGen      total 475136K, used 29679K [0x00000000e0000000, 0x0000000100000000, 0x0000000100000000)
  eden space 445440K, 0% used [0x00000000e0000000,0x00000000e0000000,0x00000000fb300000)
  from space 29696K, 99% used [0x00000000fe300000,0x00000000ffffbf18,0x0000000100000000)
  to   space 39424K, 0% used [0x00000000fb300000,0x00000000fb300000,0x00000000fd980000)
 ParOldGen       total 112128K, used 78216K [0x00000000a0000000, 0x00000000a6d80000, 0x00000000e0000000)
  object space 112128K, 69% used [0x00000000a0000000,0x00000000a4c62098,0x00000000a6d80000)
 Metaspace       used 76684K, capacity 80468K, committed 80728K, reserved 1120256K
  class space    used 9947K, capacity 10828K, committed 10880K, reserved 1048576K
}
Event: 851.065 GC heap before
{Heap before GC invocations=16 (full 3):
 PSYoungGen      total 475136K, used 475119K [0x00000000e0000000, 0x0000000100000000, 0x0000000100000000)
  eden space 445440K, 100% used [0x00000000e0000000,0x00000000fb300000,0x00000000fb300000)
  from space 29696K, 99% used [0x00000000fe300000,0x00000000ffffbf18,0x0000000100000000)
  to   space 39424K, 0% used [0x00000000fb300000,0x00000000fb300000,0x00000000fd980000)
 ParOldGen       total 112128K, used 78216K [0x00000000a0000000, 0x00000000a6d80000, 0x00000000e0000000)
  object space 112128K, 69% used [0x00000000a0000000,0x00000000a4c62098,0x00000000a6d80000)
 Metaspace       used 82737K, capacity 86996K, committed 87128K, reserved 1124352K
  class space    used 10581K, capacity 11572K, committed 11648K, reserved 1048576K
Event: 851.146 GC heap after
Heap after GC invocations=16 (full 3):
 PSYoungGen      total 484864K, used 17295K [0x00000000e0000000, 0x0000000100000000, 0x0000000100000000)
  eden space 445440K, 0% used [0x00000000e0000000,0x00000000e0000000,0x00000000fb300000)
  from space 39424K, 43% used [0x00000000fb300000,0x00000000fc3e3e70,0x00000000fd980000)
  to   space 37376K, 0% used [0x00000000fdb80000,0x00000000fdb80000,0x0000000100000000)
 ParOldGen       total 112128K, used 88929K [0x00000000a0000000, 0x00000000a6d80000, 0x00000000e0000000)
  object space 112128K, 79% used [0x00000000a0000000,0x00000000a56d87d0,0x00000000a6d80000)
 Metaspace       used 82737K, capacity 86996K, committed 87128K, reserved 1124352K
  class space    used 10581K, capacity 11572K, committed 11648K, reserved 1048576K
}
Event: 858.363 GC heap before
{Heap before GC invocations=17 (full 3):
 PSYoungGen      total 484864K, used 462735K [0x00000000e0000000, 0x0000000100000000, 0x0000000100000000)
  eden space 445440K, 100% used [0x00000000e0000000,0x00000000fb300000,0x00000000fb300000)
  from space 39424K, 43% used [0x00000000fb300000,0x00000000fc3e3e70,0x00000000fd980000)
  to   space 37376K, 0% used [0x00000000fdb80000,0x00000000fdb80000,0x0000000100000000)
 ParOldGen       total 112128K, used 88929K [0x00000000a0000000, 0x00000000a6d80000, 0x00000000e0000000)
  object space 112128K, 79% used [0x00000000a0000000,0x00000000a56d87d0,0x00000000a6d80000)
 Metaspace       used 83294K, capacity 87520K, committed 87640K, reserved 1126400K
  class space    used 10586K, capacity 11572K, committed 11648K, reserved 1048576K
Event: 858.481 GC heap after
Heap after GC invocations=17 (full 3):
 PSYoungGen      total 479744K, used 17277K [0x00000000e0000000, 0x00000000ffb00000, 0x0000000100000000)
  eden space 447488K, 0% used [0x00000000e0000000,0x00000000e0000000,0x00000000fb500000)
  from space 32256K, 53% used [0x00000000fdb80000,0x00000000fec5f520,0x00000000ffb00000)
  to   space 35840K, 0% used [0x00000000fb500000,0x00000000fb500000,0x00000000fd800000)
 ParOldGen       total 112128K, used 88937K [0x00000000a0000000, 0x00000000a6d80000, 0x00000000e0000000)
  object space 112128K, 79% used [0x00000000a0000000,0x00000000a56da7d0,0x00000000a6d80000)
 Metaspace       used 83294K, capacity 87520K, committed 87640K, reserved 1126400K
  class space    used 10586K, capacity 11572K, committed 11648K, reserved 1048576K
}
Event: 861.987 GC heap before
{Heap before GC invocations=18 (full 3):
 PSYoungGen      total 479744K, used 464765K [0x00000000e0000000, 0x00000000ffb00000, 0x0000000100000000)
  eden space 447488K, 100% used [0x00000000e0000000,0x00000000fb500000,0x00000000fb500000)
  from space 32256K, 53% used [0x00000000fdb80000,0x00000000fec5f520,0x00000000ffb00000)
  to   space 35840K, 0% used [0x00000000fb500000,0x00000000fb500000,0x00000000fd800000)
 ParOldGen       total 112128K, used 88937K [0x00000000a0000000, 0x00000000a6d80000, 0x00000000e0000000)
  object space 112128K, 79% used [0x00000000a0000000,0x00000000a56da7d0,0x00000000a6d80000)
 Metaspace       used 83375K, capacity 87648K, committed 87896K, reserved 1126400K
  class space    used 10586K, capacity 11572K, committed 11648K, reserved 1048576K
Event: 862.100 GC heap after
Heap after GC invocations=18 (full 3):
 PSYoungGen      total 483328K, used 22325K [0x00000000e0000000, 0x0000000100000000, 0x0000000100000000)
  eden space 447488K, 0% used [0x00000000e0000000,0x00000000e0000000,0x00000000fb500000)
  from space 35840K, 62% used [0x00000000fb500000,0x00000000fcacd688,0x00000000fd800000)
  to   space 36352K, 0% used [0x00000000fdc80000,0x00000000fdc80000,0x0000000100000000)
 ParOldGen       total 112128K, used 88937K [0x00000000a0000000, 0x00000000a6d80000, 0x00000000e0000000)
  object space 112128K, 79% used [0x00000000a0000000,0x00000000a56da7d0,0x00000000a6d80000)
 Metaspace       used 83375K, capacity 87648K, committed 87896K, reserved 1126400K
  class space    used 10586K, capacity 11572K, committed 11648K, reserved 1048576K
}
Event: 900.634 GC heap before
{Heap before GC invocations=19 (full 3):
 PSYoungGen      total 483328K, used 469813K [0x00000000e0000000, 0x0000000100000000, 0x0000000100000000)
  eden space 447488K, 100% used [0x00000000e0000000,0x00000000fb500000,0x00000000fb500000)
  from space 35840K, 62% used [0x00000000fb500000,0x00000000fcacd688,0x00000000fd800000)
  to   space 36352K, 0% used [0x00000000fdc80000,0x00000000fdc80000,0x0000000100000000)
 ParOldGen       total 112128K, used 88937K [0x00000000a0000000, 0x00000000a6d80000, 0x00000000e0000000)
  object space 112128K, 79% used [0x00000000a0000000,0x00000000a56da7d0,0x00000000a6d80000)
 Metaspace       used 83485K, capacity 87760K, committed 87896K, reserved 1126400K
  class space    used 10595K, capacity 11580K, committed 11648K, reserved 1048576K
Event: 900.868 GC heap after
Heap after GC invocations=19 (full 3):
 PSYoungGen      total 485888K, used 23936K [0x00000000e0000000, 0x0000000100000000, 0x0000000100000000)
  eden space 449536K, 0% used [0x00000000e0000000,0x00000000e0000000,0x00000000fb700000)
  from space 36352K, 65% used [0x00000000fdc80000,0x00000000ff3e0208,0x0000000100000000)
  to   space 37376K, 0% used [0x00000000fb700000,0x00000000fb700000,0x00000000fdb80000)
 ParOldGen       total 112128K, used 96789K [0x00000000a0000000, 0x00000000a6d80000, 0x00000000e0000000)
  object space 112128K, 86% used [0x00000000a0000000,0x00000000a5e85530,0x00000000a6d80000)
 Metaspace       used 83485K, capacity 87760K, committed 87896K, reserved 1126400K
  class space    used 10595K, capacity 11580K, committed 11648K, reserved 1048576K
}
Event: 900.887 GC heap before
{Heap before GC invocations=20 (full 4):
 PSYoungGen      total 485888K, used 23936K [0x00000000e0000000, 0x0000000100000000, 0x0000000100000000)
  eden space 449536K, 0% used [0x00000000e0000000,0x00000000e0000000,0x00000000fb700000)
  from space 36352K, 65% used [0x00000000fdc80000,0x00000000ff3e0208,0x0000000100000000)
  to   space 37376K, 0% used [0x00000000fb700000,0x00000000fb700000,0x00000000fdb80000)
 ParOldGen       total 112128K, used 96789K [0x00000000a0000000, 0x00000000a6d80000, 0x00000000e0000000)
  object space 112128K, 86% used [0x00000000a0000000,0x00000000a5e85530,0x00000000a6d80000)
 Metaspace       used 83485K, capacity 87760K, committed 87896K, reserved 1126400K
  class space    used 10595K, capacity 11580K, committed 11648K, reserved 1048576K

